<?xml version="1.0" encoding="UTF-8"?>
<!-- Generated by org.testng.reporters.JUnitReportReporter -->
<testsuite hostname="Dell" name="com.baronePgae.Bar" tests="1" failures="0" timestamp="24 Sep 2017 14:26:54 GMT" time="0.165" errors="0">
  <testcase name="f" time="0.165" classname="com.baronePgae.Bar"/>
</testsuite> <!-- com.baronePgae.Bar -->
